--------------------
./configure
Di 26. Jun 15:35:41 CEST 2018
=== ztest20308.c ===
extern int getchar();
int hello() {return getchar();}
===
python /home/amon/software/emsdk/emscripten/1.37.36/emcc.py -c ztest20308.c
... using gcc

Checking for obsessive-compulsive compiler options...
=== ztest20308.c ===
int foo() { return 0; }
===
python /home/amon/software/emsdk/emscripten/1.37.36/emcc.py -c ztest20308.c

Checking for shared library support...
=== ztest20308.c ===
extern int getchar();
int hello() {return getchar();}
===
python /home/amon/software/emsdk/emscripten/1.37.36/emcc.py -w -c -fPIC ztest20308.c
python /home/amon/software/emsdk/emscripten/1.37.36/emcc.py -fPIC -o ztest20308.so ztest20308.o
Building shared library libz.so.1.2.11 with python /home/amon/software/emsdk/emscripten/1.37.36/emcc.py.

=== ztest20308.c ===
#include <stdio.h>
#include <stdlib.h>
size_t dummy = 0;
===
python /home/amon/software/emsdk/emscripten/1.37.36/emcc.py -c ztest20308.c
Checking for size_t... Yes.


=== ztest20308.c ===
#include <sys/types.h>
off64_t dummy = 0;
===
python /home/amon/software/emsdk/emscripten/1.37.36/emcc.py -c -D_LARGEFILE64_SOURCE=1 ztest20308.c
Checking for off64_t... Yes.
Checking for fseeko... Yes.

=== ztest20308.c ===
#include <string.h>
#include <errno.h>
int main() { return strlen(strerror(errno)); }
===
python /home/amon/software/emsdk/emscripten/1.37.36/emcc.py -D_LARGEFILE64_SOURCE=1 -o ztest20308 ztest20308.c
Checking for strerror... Yes.

=== ztest20308.c ===
#include <unistd.h>
int main() { return 0; }
===
python /home/amon/software/emsdk/emscripten/1.37.36/emcc.py -c -D_LARGEFILE64_SOURCE=1 ztest20308.c
Checking for unistd.h... Yes.

=== ztest20308.c ===
#include <stdarg.h>
int main() { return 0; }
===
python /home/amon/software/emsdk/emscripten/1.37.36/emcc.py -c -D_LARGEFILE64_SOURCE=1 ztest20308.c
Checking for stdarg.h... Yes.

=== ztest20308.c ===
#include <stdio.h>
#include <stdarg.h>
#include "zconf.h"
int main()
{
#ifndef STDC
  choke me
#endif
  return 0;
}
===
python /home/amon/software/emsdk/emscripten/1.37.36/emcc.py -c -D_LARGEFILE64_SOURCE=1 ztest20308.c
Checking whether to use vs[n]printf() or s[n]printf()... using vs[n]printf().

=== ztest20308.c ===
#include <stdio.h>
#include <stdarg.h>
int mytest(const char *fmt, ...)
{
  char buf[20];
  va_list ap;
  va_start(ap, fmt);
  vsnprintf(buf, sizeof(buf), fmt, ap);
  va_end(ap);
  return 0;
}
int main()
{
  return (mytest("Hello%d\n", 1));
}
===
python /home/amon/software/emsdk/emscripten/1.37.36/emcc.py -D_LARGEFILE64_SOURCE=1 -o ztest20308 ztest20308.c
Checking for vsnprintf() in stdio.h... Yes.

=== ztest20308.c ===
#include <stdio.h>
#include <stdarg.h>
int mytest(const char *fmt, ...)
{
  int n;
  char buf[20];
  va_list ap;
  va_start(ap, fmt);
  n = vsnprintf(buf, sizeof(buf), fmt, ap);
  va_end(ap);
  return n;
}
int main()
{
  return (mytest("Hello%d\n", 1));
}
===
python /home/amon/software/emsdk/emscripten/1.37.36/emcc.py -c -D_LARGEFILE64_SOURCE=1 ztest20308.c
Checking for return value of vsnprintf()... Yes.

=== ztest20308.c ===
#define ZLIB_INTERNAL __attribute__((visibility ("hidden")))
int ZLIB_INTERNAL foo;
int main()
{
  return 0;
}
===
python /home/amon/software/emsdk/emscripten/1.37.36/emcc.py -c -D_LARGEFILE64_SOURCE=1 ztest20308.c
Checking for attribute(visibility) support... Yes.

ALL = static shared all64
AR = python /home/amon/software/emsdk/emscripten/1.37.36/emar.py
ARFLAGS = rc
CC = python /home/amon/software/emsdk/emscripten/1.37.36/emcc.py
CFLAGS = -D_LARGEFILE64_SOURCE=1 -DHAVE_HIDDEN
CPP = python /home/amon/software/emsdk/emscripten/1.37.36/emcc.py -E
EXE =
LDCONFIG = ldconfig
LDFLAGS =
LDSHARED = python /home/amon/software/emsdk/emscripten/1.37.36/emcc.py
LDSHAREDLIBC = -lc
OBJC = $(OBJZ) $(OBJG)
PIC_OBJC = $(PIC_OBJZ) $(PIC_OBJG)
RANLIB = /home/amon/software/emsdk/emscripten/1.37.36/emranlib
SFLAGS = -fPIC -D_LARGEFILE64_SOURCE=1 -DHAVE_HIDDEN
SHAREDLIB = libz.so
SHAREDLIBM = libz.so.1
SHAREDLIBV = libz.so.1.2.11
STATICLIB = libz.a
TEST = all teststatic testshared test64
VER = 1.2.11
Z_U4 =
SRCDIR =
exec_prefix = ${prefix}
includedir = ${prefix}/include
libdir = ${exec_prefix}/lib
mandir = ${prefix}/share/man
prefix = /usr/local
sharedlibdir = ${libdir}
uname = Linux
--------------------


